2015-12-06 11:17:04,334 - Log4JLogChute initialized using file 'velocity.log'
2015-12-06 11:17:04,334 - The version of log4j being used does not support the "trace" level.
2015-12-06 11:17:04,334 - Velocity was not initialized! Calling init()...
2015-12-06 11:17:04,334 - *******************************************************************
2015-12-06 11:17:04,334 - Starting Apache Velocity v1.6 (compiled: 2008-11-24 15:58:18)
2015-12-06 11:17:04,334 - RuntimeInstance initializing.
2015-12-06 11:17:04,334 - Default Properties File: org\apache\velocity\runtime\defaults\velocity.properties
2015-12-06 11:17:04,334 - Trying to use logger class org.apache.velocity.runtime.log.AvalonLogChute
2015-12-06 11:17:04,334 - Target log system for org.apache.velocity.runtime.log.AvalonLogChute is not available (java.lang.NoClassDefFoundError: org/apache/log/format/Formatter).  Falling back to next log system...
2015-12-06 11:17:04,334 - Trying to use logger class org.apache.velocity.runtime.log.Log4JLogChute
2015-12-06 11:17:04,334 - Using logger class org.apache.velocity.runtime.log.Log4JLogChute
2015-12-06 11:17:04,350 - Default ResourceManager initializing. (class org.apache.velocity.runtime.resource.ResourceManagerImpl)
2015-12-06 11:17:04,350 - ResourceLoader instantiated: org.apache.velocity.runtime.resource.loader.FileResourceLoader
2015-12-06 11:17:04,350 - FileResourceLoader : initialization starting.
2015-12-06 11:17:04,350 - Do unicode file recognition:  false
2015-12-06 11:17:04,350 - FileResourceLoader : adding path '.'
2015-12-06 11:17:04,350 - FileResourceLoader : initialization complete.
2015-12-06 11:17:04,366 - ResourceCache: initialized (class org.apache.velocity.runtime.resource.ResourceCacheImpl) with class java.util.Collections$SynchronizedMap cache map.
2015-12-06 11:17:04,366 - Default ResourceManager initialization complete.
2015-12-06 11:17:04,366 - Loaded System Directive: org.apache.velocity.runtime.directive.Define
2015-12-06 11:17:04,366 - Loaded System Directive: org.apache.velocity.runtime.directive.Break
2015-12-06 11:17:04,366 - Loaded System Directive: org.apache.velocity.runtime.directive.Evaluate
2015-12-06 11:17:04,366 - Loaded System Directive: org.apache.velocity.runtime.directive.Literal
2015-12-06 11:17:04,381 - Loaded System Directive: org.apache.velocity.runtime.directive.Macro
2015-12-06 11:17:04,381 - Loaded System Directive: org.apache.velocity.runtime.directive.Parse
2015-12-06 11:17:04,381 - Loaded System Directive: org.apache.velocity.runtime.directive.Include
2015-12-06 11:17:04,381 - Loaded System Directive: org.apache.velocity.runtime.directive.Foreach
2015-12-06 11:17:04,412 - Created '20' parsers.
2015-12-06 11:17:04,412 - Velocimacro : initialization starting.
2015-12-06 11:17:04,412 - Velocimacro : "velocimacro.library" is not set.  Trying default library: VM_global_library.vm
2015-12-06 11:17:04,412 - Velocimacro : Default library not found.
2015-12-06 11:17:04,412 - Velocimacro : allowInline = true : VMs can be defined inline in templates
2015-12-06 11:17:04,412 - Velocimacro : allowInlineToOverride = false : VMs defined inline may NOT replace previous VM definitions
2015-12-06 11:17:04,412 - Velocimacro : allowInlineLocal = false : VMs defined inline will be global in scope if allowed.
2015-12-06 11:17:04,412 - Velocimacro : autoload off : VM system will not automatically reload global library macros
2015-12-06 11:17:04,412 - Velocimacro : Velocimacro : initialization complete.
2015-12-06 11:17:04,412 - RuntimeInstance successfully initialized.
2015-12-06 11:17:04,412 - ResourceManager : unable to find resource 'test.vm' in any resource loader.
2015-12-06 16:21:27,609 - Log4JLogChute initialized using file 'velocity.log'
2015-12-06 16:21:27,609 - The version of log4j being used does not support the "trace" level.
2015-12-06 16:21:27,609 - Velocity was not initialized! Calling init()...
2015-12-06 16:21:27,609 - *******************************************************************
2015-12-06 16:21:27,609 - Starting Apache Velocity v1.6 (compiled: 2008-11-24 15:58:18)
2015-12-06 16:21:27,609 - RuntimeInstance initializing.
2015-12-06 16:21:27,609 - Default Properties File: org\apache\velocity\runtime\defaults\velocity.properties
2015-12-06 16:21:27,609 - Trying to use logger class org.apache.velocity.runtime.log.AvalonLogChute
2015-12-06 16:21:27,609 - Target log system for org.apache.velocity.runtime.log.AvalonLogChute is not available (java.lang.NoClassDefFoundError: org/apache/log/format/Formatter).  Falling back to next log system...
2015-12-06 16:21:27,609 - Trying to use logger class org.apache.velocity.runtime.log.Log4JLogChute
2015-12-06 16:21:27,609 - Using logger class org.apache.velocity.runtime.log.Log4JLogChute
2015-12-06 16:21:27,609 - Default ResourceManager initializing. (class org.apache.velocity.runtime.resource.ResourceManagerImpl)
2015-12-06 16:21:27,609 - ResourceLoader instantiated: org.apache.velocity.runtime.resource.loader.FileResourceLoader
2015-12-06 16:21:27,609 - FileResourceLoader : initialization starting.
2015-12-06 16:21:27,609 - Do unicode file recognition:  false
2015-12-06 16:21:27,609 - FileResourceLoader : adding path '.'
2015-12-06 16:21:27,609 - FileResourceLoader : initialization complete.
2015-12-06 16:21:27,625 - ResourceCache: initialized (class org.apache.velocity.runtime.resource.ResourceCacheImpl) with class java.util.Collections$SynchronizedMap cache map.
2015-12-06 16:21:27,625 - Default ResourceManager initialization complete.
2015-12-06 16:21:27,625 - Loaded System Directive: org.apache.velocity.runtime.directive.Define
2015-12-06 16:21:27,625 - Loaded System Directive: org.apache.velocity.runtime.directive.Break
2015-12-06 16:21:27,625 - Loaded System Directive: org.apache.velocity.runtime.directive.Evaluate
2015-12-06 16:21:27,625 - Loaded System Directive: org.apache.velocity.runtime.directive.Literal
2015-12-06 16:21:27,625 - Loaded System Directive: org.apache.velocity.runtime.directive.Macro
2015-12-06 16:21:27,625 - Loaded System Directive: org.apache.velocity.runtime.directive.Parse
2015-12-06 16:21:27,625 - Loaded System Directive: org.apache.velocity.runtime.directive.Include
2015-12-06 16:21:27,625 - Loaded System Directive: org.apache.velocity.runtime.directive.Foreach
2015-12-06 16:21:27,656 - Created '20' parsers.
2015-12-06 16:21:27,656 - Velocimacro : initialization starting.
2015-12-06 16:21:27,656 - Velocimacro : "velocimacro.library" is not set.  Trying default library: VM_global_library.vm
2015-12-06 16:21:27,656 - Velocimacro : Default library not found.
2015-12-06 16:21:27,656 - Velocimacro : allowInline = true : VMs can be defined inline in templates
2015-12-06 16:21:27,656 - Velocimacro : allowInlineToOverride = false : VMs defined inline may NOT replace previous VM definitions
2015-12-06 16:21:27,656 - Velocimacro : allowInlineLocal = false : VMs defined inline will be global in scope if allowed.
2015-12-06 16:21:27,656 - Velocimacro : autoload off : VM system will not automatically reload global library macros
2015-12-06 16:21:27,656 - Velocimacro : Velocimacro : initialization complete.
2015-12-06 16:21:27,656 - RuntimeInstance successfully initialized.
2015-12-06 16:21:27,671 - ResourceManager : found vm/test.vm with loader org.apache.velocity.runtime.resource.loader.FileResourceLoader
2015-12-06 16:21:48,357 - Log4JLogChute initialized using file 'velocity.log'
2015-12-06 16:21:48,357 - The version of log4j being used does not support the "trace" level.
2015-12-06 16:21:48,357 - Velocity was not initialized! Calling init()...
2015-12-06 16:21:48,357 - *******************************************************************
2015-12-06 16:21:48,357 - Starting Apache Velocity v1.6 (compiled: 2008-11-24 15:58:18)
2015-12-06 16:21:48,357 - RuntimeInstance initializing.
2015-12-06 16:21:48,357 - Default Properties File: org\apache\velocity\runtime\defaults\velocity.properties
2015-12-06 16:21:48,357 - Trying to use logger class org.apache.velocity.runtime.log.AvalonLogChute
2015-12-06 16:21:48,357 - Target log system for org.apache.velocity.runtime.log.AvalonLogChute is not available (java.lang.NoClassDefFoundError: org/apache/log/format/Formatter).  Falling back to next log system...
2015-12-06 16:21:48,357 - Trying to use logger class org.apache.velocity.runtime.log.Log4JLogChute
2015-12-06 16:21:48,357 - Using logger class org.apache.velocity.runtime.log.Log4JLogChute
2015-12-06 16:21:48,357 - Default ResourceManager initializing. (class org.apache.velocity.runtime.resource.ResourceManagerImpl)
2015-12-06 16:21:48,373 - ResourceLoader instantiated: org.apache.velocity.runtime.resource.loader.FileResourceLoader
2015-12-06 16:21:48,373 - FileResourceLoader : initialization starting.
2015-12-06 16:21:48,373 - Do unicode file recognition:  false
2015-12-06 16:21:48,373 - FileResourceLoader : adding path '.'
2015-12-06 16:21:48,373 - FileResourceLoader : initialization complete.
2015-12-06 16:21:48,388 - ResourceCache: initialized (class org.apache.velocity.runtime.resource.ResourceCacheImpl) with class java.util.Collections$SynchronizedMap cache map.
2015-12-06 16:21:48,388 - Default ResourceManager initialization complete.
2015-12-06 16:21:48,388 - Loaded System Directive: org.apache.velocity.runtime.directive.Define
2015-12-06 16:21:48,388 - Loaded System Directive: org.apache.velocity.runtime.directive.Break
2015-12-06 16:21:48,388 - Loaded System Directive: org.apache.velocity.runtime.directive.Evaluate
2015-12-06 16:21:48,388 - Loaded System Directive: org.apache.velocity.runtime.directive.Literal
2015-12-06 16:21:48,388 - Loaded System Directive: org.apache.velocity.runtime.directive.Macro
2015-12-06 16:21:48,388 - Loaded System Directive: org.apache.velocity.runtime.directive.Parse
2015-12-06 16:21:48,388 - Loaded System Directive: org.apache.velocity.runtime.directive.Include
2015-12-06 16:21:48,388 - Loaded System Directive: org.apache.velocity.runtime.directive.Foreach
2015-12-06 16:21:48,435 - Created '20' parsers.
2015-12-06 16:21:48,435 - Velocimacro : initialization starting.
2015-12-06 16:21:48,435 - Velocimacro : "velocimacro.library" is not set.  Trying default library: VM_global_library.vm
2015-12-06 16:21:48,435 - Velocimacro : Default library not found.
2015-12-06 16:21:48,435 - Velocimacro : allowInline = true : VMs can be defined inline in templates
2015-12-06 16:21:48,435 - Velocimacro : allowInlineToOverride = false : VMs defined inline may NOT replace previous VM definitions
2015-12-06 16:21:48,435 - Velocimacro : allowInlineLocal = false : VMs defined inline will be global in scope if allowed.
2015-12-06 16:21:48,435 - Velocimacro : autoload off : VM system will not automatically reload global library macros
2015-12-06 16:21:48,435 - Velocimacro : Velocimacro : initialization complete.
2015-12-06 16:21:48,435 - RuntimeInstance successfully initialized.
2015-12-06 16:21:48,466 - ResourceManager : found vm/test.vm with loader org.apache.velocity.runtime.resource.loader.FileResourceLoader
2015-12-06 16:22:32,844 - Log4JLogChute initialized using file 'velocity.log'
2015-12-06 16:22:32,844 - The version of log4j being used does not support the "trace" level.
2015-12-06 16:22:32,844 - Velocity was not initialized! Calling init()...
2015-12-06 16:22:32,844 - *******************************************************************
2015-12-06 16:22:32,844 - Starting Apache Velocity v1.6 (compiled: 2008-11-24 15:58:18)
2015-12-06 16:22:32,844 - RuntimeInstance initializing.
2015-12-06 16:22:32,844 - Default Properties File: org\apache\velocity\runtime\defaults\velocity.properties
2015-12-06 16:22:32,844 - Trying to use logger class org.apache.velocity.runtime.log.AvalonLogChute
2015-12-06 16:22:32,845 - Target log system for org.apache.velocity.runtime.log.AvalonLogChute is not available (java.lang.NoClassDefFoundError: org/apache/log/format/Formatter).  Falling back to next log system...
2015-12-06 16:22:32,845 - Trying to use logger class org.apache.velocity.runtime.log.Log4JLogChute
2015-12-06 16:22:32,845 - Using logger class org.apache.velocity.runtime.log.Log4JLogChute
2015-12-06 16:22:32,847 - Default ResourceManager initializing. (class org.apache.velocity.runtime.resource.ResourceManagerImpl)
2015-12-06 16:22:32,851 - ResourceLoader instantiated: org.apache.velocity.runtime.resource.loader.FileResourceLoader
2015-12-06 16:22:32,851 - FileResourceLoader : initialization starting.
2015-12-06 16:22:32,851 - Do unicode file recognition:  false
2015-12-06 16:22:32,851 - FileResourceLoader : adding path '.'
2015-12-06 16:22:32,852 - FileResourceLoader : initialization complete.
2015-12-06 16:22:32,865 - ResourceCache: initialized (class org.apache.velocity.runtime.resource.ResourceCacheImpl) with class java.util.Collections$SynchronizedMap cache map.
2015-12-06 16:22:32,865 - Default ResourceManager initialization complete.
2015-12-06 16:22:32,867 - Loaded System Directive: org.apache.velocity.runtime.directive.Define
2015-12-06 16:22:32,868 - Loaded System Directive: org.apache.velocity.runtime.directive.Break
2015-12-06 16:22:32,868 - Loaded System Directive: org.apache.velocity.runtime.directive.Evaluate
2015-12-06 16:22:32,869 - Loaded System Directive: org.apache.velocity.runtime.directive.Literal
2015-12-06 16:22:32,870 - Loaded System Directive: org.apache.velocity.runtime.directive.Macro
2015-12-06 16:22:32,872 - Loaded System Directive: org.apache.velocity.runtime.directive.Parse
2015-12-06 16:22:32,874 - Loaded System Directive: org.apache.velocity.runtime.directive.Include
2015-12-06 16:22:32,874 - Loaded System Directive: org.apache.velocity.runtime.directive.Foreach
2015-12-06 16:22:32,899 - Created '20' parsers.
2015-12-06 16:22:32,904 - Velocimacro : initialization starting.
2015-12-06 16:22:32,904 - Velocimacro : "velocimacro.library" is not set.  Trying default library: VM_global_library.vm
2015-12-06 16:22:32,905 - Velocimacro : Default library not found.
2015-12-06 16:22:32,905 - Velocimacro : allowInline = true : VMs can be defined inline in templates
2015-12-06 16:22:32,905 - Velocimacro : allowInlineToOverride = false : VMs defined inline may NOT replace previous VM definitions
2015-12-06 16:22:32,905 - Velocimacro : allowInlineLocal = false : VMs defined inline will be global in scope if allowed.
2015-12-06 16:22:32,905 - Velocimacro : autoload off : VM system will not automatically reload global library macros
2015-12-06 16:22:32,905 - Velocimacro : Velocimacro : initialization complete.
2015-12-06 16:22:32,905 - RuntimeInstance successfully initialized.
2015-12-06 16:22:32,916 - ResourceManager : found vm/test.vm with loader org.apache.velocity.runtime.resource.loader.FileResourceLoader
2015-12-06 20:12:24,371 - Log4JLogChute initialized using file 'velocity.log'
2015-12-06 20:12:24,371 - The version of log4j being used does not support the "trace" level.
2015-12-06 20:12:24,372 - Velocity was not initialized! Calling init()...
2015-12-06 20:12:24,372 - *******************************************************************
2015-12-06 20:12:24,372 - Starting Apache Velocity v1.6 (compiled: 2008-11-24 15:58:18)
2015-12-06 20:12:24,372 - RuntimeInstance initializing.
2015-12-06 20:12:24,372 - Default Properties File: org\apache\velocity\runtime\defaults\velocity.properties
2015-12-06 20:12:24,372 - Trying to use logger class org.apache.velocity.runtime.log.AvalonLogChute
2015-12-06 20:12:24,372 - Target log system for org.apache.velocity.runtime.log.AvalonLogChute is not available (java.lang.NoClassDefFoundError: org/apache/log/format/Formatter).  Falling back to next log system...
2015-12-06 20:12:24,372 - Trying to use logger class org.apache.velocity.runtime.log.Log4JLogChute
2015-12-06 20:12:24,372 - Using logger class org.apache.velocity.runtime.log.Log4JLogChute
2015-12-06 20:12:24,374 - Default ResourceManager initializing. (class org.apache.velocity.runtime.resource.ResourceManagerImpl)
2015-12-06 20:12:24,376 - ResourceLoader instantiated: org.apache.velocity.runtime.resource.loader.FileResourceLoader
2015-12-06 20:12:24,377 - FileResourceLoader : initialization starting.
2015-12-06 20:12:24,377 - Do unicode file recognition:  false
2015-12-06 20:12:24,377 - FileResourceLoader : adding path '.'
2015-12-06 20:12:24,377 - FileResourceLoader : initialization complete.
2015-12-06 20:12:24,387 - ResourceCache: initialized (class org.apache.velocity.runtime.resource.ResourceCacheImpl) with class java.util.Collections$SynchronizedMap cache map.
2015-12-06 20:12:24,388 - Default ResourceManager initialization complete.
2015-12-06 20:12:24,389 - Loaded System Directive: org.apache.velocity.runtime.directive.Define
2015-12-06 20:12:24,389 - Loaded System Directive: org.apache.velocity.runtime.directive.Break
2015-12-06 20:12:24,390 - Loaded System Directive: org.apache.velocity.runtime.directive.Evaluate
2015-12-06 20:12:24,390 - Loaded System Directive: org.apache.velocity.runtime.directive.Literal
2015-12-06 20:12:24,391 - Loaded System Directive: org.apache.velocity.runtime.directive.Macro
2015-12-06 20:12:24,393 - Loaded System Directive: org.apache.velocity.runtime.directive.Parse
2015-12-06 20:12:24,393 - Loaded System Directive: org.apache.velocity.runtime.directive.Include
2015-12-06 20:12:24,394 - Loaded System Directive: org.apache.velocity.runtime.directive.Foreach
2015-12-06 20:12:24,417 - Created '20' parsers.
2015-12-06 20:12:24,422 - Velocimacro : initialization starting.
2015-12-06 20:12:24,422 - Velocimacro : "velocimacro.library" is not set.  Trying default library: VM_global_library.vm
2015-12-06 20:12:24,423 - Velocimacro : Default library not found.
2015-12-06 20:12:24,423 - Velocimacro : allowInline = true : VMs can be defined inline in templates
2015-12-06 20:12:24,423 - Velocimacro : allowInlineToOverride = false : VMs defined inline may NOT replace previous VM definitions
2015-12-06 20:12:24,423 - Velocimacro : allowInlineLocal = false : VMs defined inline will be global in scope if allowed.
2015-12-06 20:12:24,423 - Velocimacro : autoload off : VM system will not automatically reload global library macros
2015-12-06 20:12:24,423 - Velocimacro : Velocimacro : initialization complete.
2015-12-06 20:12:24,423 - RuntimeInstance successfully initialized.
2015-12-06 20:12:24,426 - ResourceManager : found vm/test.vm with loader org.apache.velocity.runtime.resource.loader.FileResourceLoader
